mode: set
gitlab.com/prosa-backend-test/video_converter/app/main.go:12.13,14.16 2 0
gitlab.com/prosa-backend-test/video_converter/app/main.go:17.2,22.39 5 0
gitlab.com/prosa-backend-test/video_converter/app/main.go:14.16,16.3 1 0
gitlab.com/prosa-backend-test/video_converter/video/handler/converter.go:16.60,21.2 2 1
gitlab.com/prosa-backend-test/video_converter/video/handler/converter.go:23.65,29.23 5 0
gitlab.com/prosa-backend-test/video_converter/video/handler/converter.go:32.2,32.18 1 0
gitlab.com/prosa-backend-test/video_converter/video/handler/converter.go:35.2,35.20 1 0
gitlab.com/prosa-backend-test/video_converter/video/handler/converter.go:38.2,38.20 1 0
gitlab.com/prosa-backend-test/video_converter/video/handler/converter.go:42.2,46.8 5 0
gitlab.com/prosa-backend-test/video_converter/video/handler/converter.go:29.23,31.3 1 0
gitlab.com/prosa-backend-test/video_converter/video/handler/converter.go:32.18,34.3 1 0
gitlab.com/prosa-backend-test/video_converter/video/handler/converter.go:35.20,37.3 1 0
gitlab.com/prosa-backend-test/video_converter/video/handler/converter.go:38.20,40.3 1 0
gitlab.com/prosa-backend-test/video_converter/video/handler/converter.go:50.61,52.16 2 0
gitlab.com/prosa-backend-test/video_converter/video/handler/converter.go:55.2,58.16 3 0
gitlab.com/prosa-backend-test/video_converter/video/handler/converter.go:62.2,64.4 1 0
gitlab.com/prosa-backend-test/video_converter/video/handler/converter.go:52.16,54.3 1 0
gitlab.com/prosa-backend-test/video_converter/video/handler/converter.go:58.16,60.3 1 0
gitlab.com/prosa-backend-test/video_converter/video/usecase/converter.go:27.44,29.2 1 1
gitlab.com/prosa-backend-test/video_converter/video/usecase/converter.go:31.51,33.16 2 1
gitlab.com/prosa-backend-test/video_converter/video/usecase/converter.go:37.2,40.16 3 1
gitlab.com/prosa-backend-test/video_converter/video/usecase/converter.go:44.2,46.44 2 1
gitlab.com/prosa-backend-test/video_converter/video/usecase/converter.go:50.2,50.8 1 1
gitlab.com/prosa-backend-test/video_converter/video/usecase/converter.go:33.16,36.3 2 1
gitlab.com/prosa-backend-test/video_converter/video/usecase/converter.go:40.16,43.3 2 0
gitlab.com/prosa-backend-test/video_converter/video/usecase/converter.go:46.44,49.3 2 0
gitlab.com/prosa-backend-test/video_converter/video/usecase/converter.go:53.86,56.22 3 1
gitlab.com/prosa-backend-test/video_converter/video/usecase/converter.go:59.2,61.8 2 1
gitlab.com/prosa-backend-test/video_converter/video/usecase/converter.go:56.22,58.3 1 1
gitlab.com/prosa-backend-test/video_converter/video/usecase/converter.go:64.45,71.30 5 1
gitlab.com/prosa-backend-test/video_converter/video/usecase/converter.go:74.2,75.8 2 1
gitlab.com/prosa-backend-test/video_converter/video/usecase/converter.go:71.30,73.3 1 1
gitlab.com/prosa-backend-test/video_converter/video/usecase/converter.go:78.139,80.16 2 1
gitlab.com/prosa-backend-test/video_converter/video/usecase/converter.go:84.2,85.16 2 1
gitlab.com/prosa-backend-test/video_converter/video/usecase/converter.go:89.2,93.44 3 1
gitlab.com/prosa-backend-test/video_converter/video/usecase/converter.go:113.2,113.44 1 1
gitlab.com/prosa-backend-test/video_converter/video/usecase/converter.go:133.2,133.8 1 1
gitlab.com/prosa-backend-test/video_converter/video/usecase/converter.go:80.16,83.3 2 1
gitlab.com/prosa-backend-test/video_converter/video/usecase/converter.go:85.16,88.3 2 0
gitlab.com/prosa-backend-test/video_converter/video/usecase/converter.go:93.44,94.45 1 1
gitlab.com/prosa-backend-test/video_converter/video/usecase/converter.go:94.45,95.31 1 1
gitlab.com/prosa-backend-test/video_converter/video/usecase/converter.go:95.31,97.10 2 1
gitlab.com/prosa-backend-test/video_converter/video/usecase/converter.go:98.10,100.73 2 1
gitlab.com/prosa-backend-test/video_converter/video/usecase/converter.go:106.5,106.15 1 1
gitlab.com/prosa-backend-test/video_converter/video/usecase/converter.go:100.73,101.58 1 1
gitlab.com/prosa-backend-test/video_converter/video/usecase/converter.go:101.58,104.7 2 1
gitlab.com/prosa-backend-test/video_converter/video/usecase/converter.go:106.15,108.6 1 1
gitlab.com/prosa-backend-test/video_converter/video/usecase/converter.go:113.44,114.45 1 1
gitlab.com/prosa-backend-test/video_converter/video/usecase/converter.go:114.45,115.31 1 1
gitlab.com/prosa-backend-test/video_converter/video/usecase/converter.go:115.31,117.10 2 1
gitlab.com/prosa-backend-test/video_converter/video/usecase/converter.go:118.10,120.73 2 1
gitlab.com/prosa-backend-test/video_converter/video/usecase/converter.go:126.5,126.15 1 1
gitlab.com/prosa-backend-test/video_converter/video/usecase/converter.go:120.73,121.58 1 1
gitlab.com/prosa-backend-test/video_converter/video/usecase/converter.go:121.58,124.7 2 1
gitlab.com/prosa-backend-test/video_converter/video/usecase/converter.go:126.15,128.6 1 1
gitlab.com/prosa-backend-test/video_converter/video/usecase/converter.go:136.80,144.16 3 1
gitlab.com/prosa-backend-test/video_converter/video/usecase/converter.go:148.2,151.16 4 1
gitlab.com/prosa-backend-test/video_converter/video/usecase/converter.go:155.2,156.16 2 1
gitlab.com/prosa-backend-test/video_converter/video/usecase/converter.go:161.2,162.8 2 1
gitlab.com/prosa-backend-test/video_converter/video/usecase/converter.go:144.16,147.3 2 1
gitlab.com/prosa-backend-test/video_converter/video/usecase/converter.go:151.16,154.3 2 0
gitlab.com/prosa-backend-test/video_converter/video/usecase/converter.go:156.16,159.3 2 0
gitlab.com/prosa-backend-test/video_converter/video/usecase/converter.go:165.98,173.20 3 1
gitlab.com/prosa-backend-test/video_converter/video/usecase/converter.go:173.20,175.3 1 1
gitlab.com/prosa-backend-test/video_converter/video/usecase/converter.go:178.118,180.34 2 1
gitlab.com/prosa-backend-test/video_converter/video/usecase/converter.go:184.2,185.16 2 1
gitlab.com/prosa-backend-test/video_converter/video/usecase/converter.go:188.2,189.16 2 1
gitlab.com/prosa-backend-test/video_converter/video/usecase/converter.go:193.2,200.16 6 1
gitlab.com/prosa-backend-test/video_converter/video/usecase/converter.go:205.2,207.8 2 1
gitlab.com/prosa-backend-test/video_converter/video/usecase/converter.go:180.34,183.3 2 0
gitlab.com/prosa-backend-test/video_converter/video/usecase/converter.go:185.16,187.3 1 0
gitlab.com/prosa-backend-test/video_converter/video/usecase/converter.go:189.16,191.3 1 0
gitlab.com/prosa-backend-test/video_converter/video/usecase/converter.go:200.16,203.3 2 0
